<?xml version="1.0" encoding="UTF-8"?>
<!-- Generated by org.testng.reporters.JUnitXMLReporter -->
<testsuite ignored="2" hostname="Akhil-PC" failures="0" tests="2" name="test" time="7.405" errors="0" timestamp="2024-11-27T12:12:18 IST">
  <testcase classname="test.script.LoginTest" name="verifyTheUserIsAbleToLoginUsingValidCredentials" time="1.768"/>
  <testcase classname="test.script.LoginTest" name="verifyTheUserIsAbleToLoginUsingValidUsernameAndIncorrectPassword" time="0.478"/>
  <testcase classname="test.script.LoginTest" name="verifyTheUserIsAbleToLoginUsingIncorrectCredentials" time="0.0">
    <ignored/>
  </testcase> <!-- verifyTheUserIsAbleToLoginUsingIncorrectCredentials -->
  <testcase classname="test.script.LoginTest" name="verifyTheUserIsAbleToLoginUsingIncorrectUsernameAndValidPassword" time="0.0">
    <ignored/>
  </testcase> <!-- verifyTheUserIsAbleToLoginUsingIncorrectUsernameAndValidPassword -->
</testsuite> <!-- test -->
