<?xml version="1.0" encoding="UTF-8"?>
<!-- Generated by org.testng.reporters.JUnitXMLReporter -->
<testsuite ignored="2" hostname="Akhil-PC" failures="0" tests="3" name="Test" time="11.249" errors="0" timestamp="2024-11-27T12:06:58 IST">
  <testcase classname="test.script.LoginTest" name="verifyTheUserIsAbleToLoginUsingValidCredentials" time="1.524"/>
  <testcase classname="test.script.LoginTest" name="verifyTheUserIsAbleToLoginUsingValidUsernameAndIncorrectPassword" time="0.486"/>
  <testcase classname="test.script.AdminuserTest" name="updateAllFields" time="2.09"/>
  <testcase classname="test.script.LoginTest" name="verifyTheUserIsAbleToLoginUsingIncorrectUsernameAndValidPassword" time="0.0">
    <ignored/>
  </testcase> <!-- verifyTheUserIsAbleToLoginUsingIncorrectUsernameAndValidPassword -->
  <testcase classname="test.script.LoginTest" name="verifyTheUserIsAbleToLoginUsingIncorrectCredentials" time="0.0">
    <ignored/>
  </testcase> <!-- verifyTheUserIsAbleToLoginUsingIncorrectCredentials -->
</testsuite> <!-- Test -->
