<?xml version="1.0" encoding="UTF-8"?>
<testng-results ignored="0" total="4" passed="4" failed="0" skipped="0">
  <reporter-output>
  </reporter-output>
  <suite started-at="2024-12-03T11:21:19 IST" name="Suite" finished-at="2024-12-03T11:21:31 IST" duration-ms="12427">
    <groups>
      <group name="regression">
        <method signature="LoginTest.verifyTheUserIsAbleToLoginUsingIncorrectUsernameAndValidPassword()[pri:0, instance:test.script.LoginTest@7ef82753]" name="verifyTheUserIsAbleToLoginUsingIncorrectUsernameAndValidPassword" class="test.script.LoginTest"/>
        <method signature="LoginTest.verifyTheUserIsAbleToLoginUsingValidCredentials()[pri:0, instance:test.script.LoginTest@7ef82753]" name="verifyTheUserIsAbleToLoginUsingValidCredentials" class="test.script.LoginTest"/>
      </group> <!-- regression -->
    </groups>
    <test started-at="2024-12-03T11:21:19 IST" name="Test" finished-at="2024-12-03T11:21:31 IST" duration-ms="12427">
      <class name="test.script.LoginTest">
        <test-method is-config="true" signature="initializeBrowser(java.lang.String)[pri:0, instance:test.script.LoginTest@7ef82753]" started-at="2024-12-03T11:21:19 IST" name="initializeBrowser" finished-at="2024-12-03T11:21:22 IST" duration-ms="2469" status="PASS">
          <params>
            <param index="0">
              <value>
                <![CDATA[Chrome]]>
              </value>
            </param>
          </params>
          <reporter-output>
          </reporter-output>
        </test-method> <!-- initializeBrowser -->
        <test-method signature="verifyTheUserIsAbleToLoginUsingIncorrectCredentials(java.lang.String,java.lang.String)[pri:0, instance:test.script.LoginTest@7ef82753]" started-at="2024-12-03T11:21:22 IST" name="verifyTheUserIsAbleToLoginUsingIncorrectCredentials" data-provider="LoginProvider" finished-at="2024-12-03T11:21:22 IST" duration-ms="694" status="PASS">
          <params>
            <param index="0">
              <value>
                <![CDATA[dmin]]>
              </value>
            </param>
            <param index="1">
              <value>
                <![CDATA[dmin]]>
              </value>
            </param>
          </params>
          <reporter-output>
          </reporter-output>
        </test-method> <!-- verifyTheUserIsAbleToLoginUsingIncorrectCredentials -->
        <test-method is-config="true" signature="browserQuit(org.testng.ITestResult)[pri:0, instance:test.script.LoginTest@7ef82753]" started-at="2024-12-03T11:21:22 IST" name="browserQuit" finished-at="2024-12-03T11:21:23 IST" duration-ms="106" status="PASS">
          <params>
            <param index="0">
              <value>
                <![CDATA[[TestResult name=verifyTheUserIsAbleToLoginUsingIncorrectCredentials status=SUCCESS method=LoginTest.verifyTheUserIsAbleToLoginUsingIncorrectCredentials(java.lang.String,java.lang.String)[pri:0, instance:test.script.LoginTest@7ef82753] output={null}]]]>
              </value>
            </param>
          </params>
          <reporter-output>
          </reporter-output>
        </test-method> <!-- browserQuit -->
        <test-method is-config="true" signature="initializeBrowser(java.lang.String)[pri:0, instance:test.script.LoginTest@7ef82753]" started-at="2024-12-03T11:21:23 IST" name="initializeBrowser" finished-at="2024-12-03T11:21:25 IST" duration-ms="2195" status="PASS">
          <params>
            <param index="0">
              <value>
                <![CDATA[Chrome]]>
              </value>
            </param>
          </params>
          <reporter-output>
          </reporter-output>
        </test-method> <!-- initializeBrowser -->
        <test-method signature="verifyTheUserIsAbleToLoginUsingIncorrectUsernameAndValidPassword()[pri:0, instance:test.script.LoginTest@7ef82753]" started-at="2024-12-03T11:21:25 IST" name="verifyTheUserIsAbleToLoginUsingIncorrectUsernameAndValidPassword" finished-at="2024-12-03T11:21:25 IST" duration-ms="488" status="PASS">
          <reporter-output>
          </reporter-output>
        </test-method> <!-- verifyTheUserIsAbleToLoginUsingIncorrectUsernameAndValidPassword -->
        <test-method is-config="true" signature="browserQuit(org.testng.ITestResult)[pri:0, instance:test.script.LoginTest@7ef82753]" started-at="2024-12-03T11:21:25 IST" name="browserQuit" finished-at="2024-12-03T11:21:25 IST" duration-ms="114" status="PASS">
          <params>
            <param index="0">
              <value>
                <![CDATA[[TestResult name=verifyTheUserIsAbleToLoginUsingIncorrectUsernameAndValidPassword status=SUCCESS method=LoginTest.verifyTheUserIsAbleToLoginUsingIncorrectUsernameAndValidPassword()[pri:0, instance:test.script.LoginTest@7ef82753] output={null}]]]>
              </value>
            </param>
          </params>
          <reporter-output>
          </reporter-output>
        </test-method> <!-- browserQuit -->
        <test-method is-config="true" signature="initializeBrowser(java.lang.String)[pri:0, instance:test.script.LoginTest@7ef82753]" started-at="2024-12-03T11:21:25 IST" name="initializeBrowser" finished-at="2024-12-03T11:21:27 IST" duration-ms="2037" status="PASS">
          <params>
            <param index="0">
              <value>
                <![CDATA[Chrome]]>
              </value>
            </param>
          </params>
          <reporter-output>
          </reporter-output>
        </test-method> <!-- initializeBrowser -->
        <test-method signature="verifyTheUserIsAbleToLoginUsingValidCredentials()[pri:0, instance:test.script.LoginTest@7ef82753]" started-at="2024-12-03T11:21:27 IST" name="verifyTheUserIsAbleToLoginUsingValidCredentials" description="Verifying if the user is able to login using valid credentials" finished-at="2024-12-03T11:21:28 IST" duration-ms="751" status="PASS">
          <reporter-output>
          </reporter-output>
        </test-method> <!-- verifyTheUserIsAbleToLoginUsingValidCredentials -->
        <test-method is-config="true" signature="browserQuit(org.testng.ITestResult)[pri:0, instance:test.script.LoginTest@7ef82753]" started-at="2024-12-03T11:21:28 IST" name="browserQuit" finished-at="2024-12-03T11:21:28 IST" duration-ms="113" status="PASS">
          <params>
            <param index="0">
              <value>
                <![CDATA[[TestResult name=verifyTheUserIsAbleToLoginUsingValidCredentials status=SUCCESS method=LoginTest.verifyTheUserIsAbleToLoginUsingValidCredentials()[pri:0, instance:test.script.LoginTest@7ef82753] output={null}]]]>
              </value>
            </param>
          </params>
          <reporter-output>
          </reporter-output>
        </test-method> <!-- browserQuit -->
        <test-method is-config="true" signature="initializeBrowser(java.lang.String)[pri:0, instance:test.script.LoginTest@7ef82753]" started-at="2024-12-03T11:21:28 IST" name="initializeBrowser" finished-at="2024-12-03T11:21:30 IST" duration-ms="2066" status="PASS">
          <params>
            <param index="0">
              <value>
                <![CDATA[Chrome]]>
              </value>
            </param>
          </params>
          <reporter-output>
          </reporter-output>
        </test-method> <!-- initializeBrowser -->
        <test-method signature="verifyTheUserIsAbleToLoginUsingValidUsernameAndIncorrectPassword()[pri:0, instance:test.script.LoginTest@7ef82753]" started-at="2024-12-03T11:21:30 IST" name="verifyTheUserIsAbleToLoginUsingValidUsernameAndIncorrectPassword" description="verifyTheUserIsAbleToLoginUsingValidUsernameAndIncorrectPassword" finished-at="2024-12-03T11:21:31 IST" duration-ms="545" status="PASS">
          <reporter-output>
          </reporter-output>
        </test-method> <!-- verifyTheUserIsAbleToLoginUsingValidUsernameAndIncorrectPassword -->
        <test-method is-config="true" signature="browserQuit(org.testng.ITestResult)[pri:0, instance:test.script.LoginTest@7ef82753]" started-at="2024-12-03T11:21:31 IST" name="browserQuit" finished-at="2024-12-03T11:21:31 IST" duration-ms="153" status="PASS">
          <params>
            <param index="0">
              <value>
                <![CDATA[[TestResult name=verifyTheUserIsAbleToLoginUsingValidUsernameAndIncorrectPassword status=SUCCESS method=LoginTest.verifyTheUserIsAbleToLoginUsingValidUsernameAndIncorrectPassword()[pri:0, instance:test.script.LoginTest@7ef82753] output={null}]]]>
              </value>
            </param>
          </params>
          <reporter-output>
          </reporter-output>
        </test-method> <!-- browserQuit -->
      </class> <!-- test.script.LoginTest -->
    </test> <!-- Test -->
  </suite> <!-- Suite -->
</testng-results>
