<?xml version="1.0" encoding="UTF-8"?>
<!-- Generated by org.testng.reporters.JUnitXMLReporter -->
<testsuite ignored="3" hostname="Akhil-PC" failures="0" tests="1" name="EdgeTest" time="5.854" errors="0" timestamp="2024-11-27T11:55:00 IST">
  <testcase classname="test.script.LoginTest" name="verifyTheUserIsAbleToLoginUsingValidCredentials" time="0.743"/>
  <testcase classname="test.script.LoginTest" name="verifyTheUserIsAbleToLoginUsingValidUsernameAndIncorrectPassword" time="0.0">
    <ignored/>
  </testcase> <!-- verifyTheUserIsAbleToLoginUsingValidUsernameAndIncorrectPassword -->
  <testcase classname="test.script.LoginTest" name="verifyTheUserIsAbleToLoginUsingIncorrectCredentials" time="0.0">
    <ignored/>
  </testcase> <!-- verifyTheUserIsAbleToLoginUsingIncorrectCredentials -->
  <testcase classname="test.script.LoginTest" name="verifyTheUserIsAbleToLoginUsingIncorrectUsernameAndValidPassword" time="0.0">
    <ignored/>
  </testcase> <!-- verifyTheUserIsAbleToLoginUsingIncorrectUsernameAndValidPassword -->
</testsuite> <!-- EdgeTest -->
