<?xml version="1.0" encoding="UTF-8"?>
<!-- Generated by org.testng.reporters.JUnitXMLReporter -->
<testsuite ignored="3" hostname="Akhil-PC" failures="0" tests="1" name="ChromeTest" time="4.746" errors="0" timestamp="2024-11-27T11:10:10 IST">
  <testcase classname="test.script.LoginTest" name="verifyTheUserIsAbleToLoginUsingValidCredentials" time="1.938"/>
  <testcase classname="test.script.LoginTest" name="verifyTheUserIsAbleToLoginUsingIncorrectCredentials" time="0.0">
    <ignored/>
  </testcase> <!-- verifyTheUserIsAbleToLoginUsingIncorrectCredentials -->
  <testcase classname="test.script.LoginTest" name="verifyTheUserIsAbleToLoginUsingIncorrectUsernameAndValidPassword" time="0.0">
    <ignored/>
  </testcase> <!-- verifyTheUserIsAbleToLoginUsingIncorrectUsernameAndValidPassword -->
  <testcase classname="test.script.LoginTest" name="verifyTheUserIsAbleToLoginUsingValidUsernameAndIncorrectPassword" time="0.0">
    <ignored/>
  </testcase> <!-- verifyTheUserIsAbleToLoginUsingValidUsernameAndIncorrectPassword -->
</testsuite> <!-- ChromeTest -->
