<?xml version="1.0" encoding="UTF-8"?>
<testng-results ignored="0" total="1" passed="1" failed="0" skipped="0">
  <reporter-output>
  </reporter-output>
  <suite started-at="2024-12-06T12:16:53 IST" name="Suite" finished-at="2024-12-06T12:16:58 IST" duration-ms="5113">
    <groups>
    </groups>
    <test started-at="2024-12-06T12:16:53 IST" name="Test" finished-at="2024-12-06T12:16:58 IST" duration-ms="5113">
      <class name="test.script.AdminuserTest">
        <test-method is-config="true" signature="initializeBrowser(java.lang.String)[pri:0, instance:test.script.AdminuserTest@5812f68b]" started-at="2024-12-06T12:16:53 IST" name="initializeBrowser" finished-at="2024-12-06T12:16:56 IST" duration-ms="2433" status="PASS">
          <params>
            <param index="0">
              <value>
                <![CDATA[Chrome]]>
              </value>
            </param>
          </params>
          <reporter-output>
          </reporter-output>
        </test-method> <!-- initializeBrowser -->
        <test-method signature="verifyIfUserIsAbleToUpdateAllFields()[pri:0, instance:test.script.AdminuserTest@5812f68b]" started-at="2024-12-06T12:16:56 IST" name="verifyIfUserIsAbleToUpdateAllFields" finished-at="2024-12-06T12:16:58 IST" duration-ms="2533" status="PASS">
          <reporter-output>
          </reporter-output>
        </test-method> <!-- verifyIfUserIsAbleToUpdateAllFields -->
        <test-method is-config="true" signature="browserQuit(org.testng.ITestResult)[pri:0, instance:test.script.AdminuserTest@5812f68b]" started-at="2024-12-06T12:16:58 IST" name="browserQuit" finished-at="2024-12-06T12:16:58 IST" duration-ms="108" status="PASS">
          <params>
            <param index="0">
              <value>
                <![CDATA[[TestResult name=verifyIfUserIsAbleToUpdateAllFields status=SUCCESS method=AdminuserTest.verifyIfUserIsAbleToUpdateAllFields()[pri:0, instance:test.script.AdminuserTest@5812f68b] output={null}]]]>
              </value>
            </param>
          </params>
          <reporter-output>
          </reporter-output>
        </test-method> <!-- browserQuit -->
      </class> <!-- test.script.AdminuserTest -->
    </test> <!-- Test -->
  </suite> <!-- Suite -->
</testng-results>
